Using pre-set license
Built from '2021.1/staging' branch; Version is '2021.1.19f1 (5f5eb8bbdc25) revision 6250168'; Using compiler version '192528614'; Build Type 'Release'
OS: 'Windows 10 Pro; OS build 19042.1288; Version 2009; 64bit' Language: 'ja' Physical Memory: 16126 MB
BatchMode: 1, IsHumanControllingUs: 0, StartBugReporterOnCrash: 0, Is64bit: 1, IsPro: 0

COMMAND LINE ARGUMENTS:
C:\Users\521264\Unity\2021.1.19f1\Editor\Unity.exe
-adb2
-batchMode
-noUpm
-name
AssetImportWorker0
-projectPath
C:/Users/521264/Unity/Gakken/Otsukai
-logFile
Logs/AssetImportWorker0.log
-srvPort
58436
Successfully changed project path to: C:/Users/521264/Unity/Gakken/Otsukai
C:/Users/521264/Unity/Gakken/Otsukai
Using Asset Import Pipeline V2.
Refreshing native plugins compatible for Editor in 79.35 ms, found 4 plugins.
Preloading 0 native plugins for Editor in 0.00 ms.
Initialize engine version: 2021.1.19f1 (5f5eb8bbdc25)
[Subsystems] Discovering subsystems at path C:/Users/521264/Unity/2021.1.19f1/Editor/Data/Resources/UnitySubsystems
[Subsystems] Discovering subsystems at path C:/Users/521264/Unity/Gakken/Otsukai/Assets
GfxDevice: creating device client; threaded=0; jobified=0
Direct3D:
    Version:  Direct3D 11.0 [level 11.1]
    Renderer: NVIDIA GeForce RTX 3050 Laptop GPU (ID=0x25a2)
    Vendor:   NVIDIA
    VRAM:     3991 MB
    Driver:   27.21.14.6236
Initialize mono
Mono path[0] = 'C:/Users/521264/Unity/2021.1.19f1/Editor/Data/Managed'
Mono path[1] = 'C:/Users/521264/Unity/2021.1.19f1/Editor/Data/MonoBleedingEdge/lib/mono/unityjit'
Mono config path = 'C:/Users/521264/Unity/2021.1.19f1/Editor/Data/MonoBleedingEdge/etc'
Using monoOptions --debugger-agent=transport=dt_socket,embedding=1,server=y,suspend=n,address=127.0.0.1:56380
Begin MonoManager ReloadAssembly
Registering precompiled unity dll's ...
Register platform support module: C:/Users/521264/Unity/2021.1.19f1/Editor/Data/PlaybackEngines/WindowsStandaloneSupport/UnityEditor.WindowsStandalone.Extensions.dll
Registered in 0.001267 seconds.
Native extension for WindowsStandalone target not found
Refreshing native plugins compatible for Editor in 74.49 ms, found 4 plugins.
Preloading 0 native plugins for Editor in 0.00 ms.
Mono: successfully reloaded assembly
- Completed reload, in  1.377 seconds
Domain Reload Profiling:
	ReloadAssembly (1377ms)
		BeginReloadAssembly (45ms)
			ExecutionOrderSort (0ms)
			DisableScriptedObjects (0ms)
			BackupInstance (0ms)
			ReleaseScriptingObjects (0ms)
			CreateAndSetChildDomain (0ms)
		EndReloadAssembly (362ms)
			LoadAssemblies (44ms)
			RebuildTransferFunctionScriptingTraits (0ms)
			SetupTypeCache (113ms)
			ReleaseScriptCaches (0ms)
			RebuildScriptCaches (21ms)
			SetupLoadedEditorAssemblies (188ms)
				LogAssemblyErrors (0ms)
				InitializePlatformSupportModulesInManaged (4ms)
				SetLoadedEditorAssemblies (0ms)
				RefreshPlugins (75ms)
				BeforeProcessingInitializeOnLoad (1ms)
				ProcessInitializeOnLoadAttributes (81ms)
				ProcessInitializeOnLoadMethodAttributes (28ms)
				AfterProcessingInitializeOnLoad (0ms)
				EditorAssembliesLoaded (0ms)
			ExecutionOrderSort2 (0ms)
			AwakeInstancesAfterBackupRestoration (0ms)
Platform modules already initialized, skipping
Registering precompiled user dll's ...
Registered in 0.003374 seconds.
Begin MonoManager ReloadAssembly
Symbol file LoadedFromMemory doesn't match image C:\Users\521264\Unity\Gakken\Otsukai\Library\PackageCache\com.unity.visualscripting@1.6.1\Editor\VisualScripting.Core\Dependencies\YamlDotNet\Unity.VisualScripting.YamlDotNet.dll
Symbol file LoadedFromMemory doesn't match image C:\Users\521264\Unity\Gakken\Otsukai\Library\PackageCache\com.unity.visualscripting@1.6.1\Editor\VisualScripting.Core\Dependencies\DotNetZip\Unity.VisualScripting.IonicZip.dll
Native extension for WindowsStandalone target not found
Refreshing native plugins compatible for Editor in 95.38 ms, found 4 plugins.
Preloading 0 native plugins for Editor in 0.00 ms.
Mono: successfully reloaded assembly
- Completed reload, in  1.004 seconds
Domain Reload Profiling:
	ReloadAssembly (1004ms)
		BeginReloadAssembly (116ms)
			ExecutionOrderSort (0ms)
			DisableScriptedObjects (6ms)
			BackupInstance (0ms)
			ReleaseScriptingObjects (0ms)
			CreateAndSetChildDomain (15ms)
		EndReloadAssembly (836ms)
			LoadAssemblies (73ms)
			RebuildTransferFunctionScriptingTraits (0ms)
			SetupTypeCache (263ms)
			ReleaseScriptCaches (1ms)
			RebuildScriptCaches (36ms)
			SetupLoadedEditorAssemblies (400ms)
				LogAssemblyErrors (0ms)
				InitializePlatformSupportModulesInManaged (3ms)
				SetLoadedEditorAssemblies (0ms)
				RefreshPlugins (96ms)
				BeforeProcessingInitializeOnLoad (92ms)
				ProcessInitializeOnLoadAttributes (187ms)
				ProcessInitializeOnLoadMethodAttributes (17ms)
				AfterProcessingInitializeOnLoad (6ms)
				EditorAssembliesLoaded (0ms)
			ExecutionOrderSort2 (0ms)
			AwakeInstancesAfterBackupRestoration (5ms)
Platform modules already initialized, skipping
========================================================================
Worker process is ready to serve import requests
Launched and connected shader compiler UnityShaderCompiler.exe after 0.04 seconds
Refreshing native plugins compatible for Editor in 0.72 ms, found 4 plugins.
Preloading 0 native plugins for Editor in 0.00 ms.
Unloading 3675 Unused Serialized files (Serialized files now loaded: 0)
System memory in use before: 136.3 MB.
System memory in use after: 136.5 MB.

Unloading 30 unused Assets to reduce memory usage. Loaded Objects now: 4126.
Total: 3.123800 ms (FindLiveObjects: 0.282000 ms CreateObjectMapping: 0.090300 ms MarkObjects: 2.692300 ms  DeleteObjects: 0.058300 ms)

AssetImportParameters requested are different than current active one (requested -> active):
  custom:framework-win-MediaFoundation: 216162199b28c13a410421893ffa2e32 -> 
  custom:video-decoder-ogg-theora: a1e56fd34408186e4bbccfd4996cb3dc -> 
  custom:container-muxer-webm: aa71ff27fc2769a1b78a27578f13a17b -> 
  custom:container-demuxer-webm: 4f35f7cbe854078d1ac9338744f61a02 -> 
  custom:container-demuxer-ogg: 62fdf1f143b41e24485cea50d1cbac27 -> 
  custom:video-encoder-webm-vp8: eb34c28f22e8b96e1ab97ce403110664 -> 
  custom:video-codec-MediaFoundation-h265: 746d11721c4dcdbdad8f713fa42b33f4 -> 
  custom:video-decoder-webm-vp8: 9c59270c3fd7afecdb556c50c9e8de78 -> 
  custom:audio-decoder-ogg-vorbis: bf7c407c2cedff20999df2af8eb42d56 -> 
  custom:audio-encoder-webm-vorbis: bf7c407c2cedff20999df2af8eb42d56 -> 
========================================================================
Received Import Request.
  path: Assets
  artifactKey: Guid(00000000000000001000000000000000) Importer(815301076,1909f56bfc062723c751e8b465ee728b)
Start importing Assets using Guid(00000000000000001000000000000000) Importer(815301076,1909f56bfc062723c751e8b465ee728b)  -> (artifact id: '68a4034d3d715da871e781da702f0bc5') in 0.006402 seconds 
========================================================================
Received Import Request.
  Time since last request: 0.141162 seconds.
  path: Assets/Images
  artifactKey: Guid(541e0c225c635e04ead6b2ab1b1b45af) Importer(815301076,1909f56bfc062723c751e8b465ee728b)
Start importing Assets/Images using Guid(541e0c225c635e04ead6b2ab1b1b45af) Importer(815301076,1909f56bfc062723c751e8b465ee728b)  -> (artifact id: '9513c1722bf9b075337f013315c8fcbf') in 0.003412 seconds 
========================================================================
Received Import Request.
  Time since last request: 5.585316 seconds.
  path: Assets/Images/Character
  artifactKey: Guid(785fba9bb85826244afed3e1219a51c3) Importer(815301076,1909f56bfc062723c751e8b465ee728b)
Start importing Assets/Images/Character using Guid(785fba9bb85826244afed3e1219a51c3) Importer(815301076,1909f56bfc062723c751e8b465ee728b)  -> (artifact id: '86049447e539caecc1f1b4287469c1cc') in 0.004044 seconds 
========================================================================
Received Import Request.
  Time since last request: 29.968909 seconds.
  path: Assets/Images/Products
  artifactKey: Guid(01db5b4a7d530f94980a68034b27e99b) Importer(815301076,1909f56bfc062723c751e8b465ee728b)
Start importing Assets/Images/Products using Guid(01db5b4a7d530f94980a68034b27e99b) Importer(815301076,1909f56bfc062723c751e8b465ee728b)  -> (artifact id: '448fa116d0b3df7df5acc0896bccb4dc') in 0.003420 seconds 
========================================================================
Received Import Request.
  Time since last request: 5.635963 seconds.
  path: Assets/Images/Moneys
  artifactKey: Guid(026132edc856cbc42a169919e02ccfe1) Importer(815301076,1909f56bfc062723c751e8b465ee728b)
Start importing Assets/Images/Moneys using Guid(026132edc856cbc42a169919e02ccfe1) Importer(815301076,1909f56bfc062723c751e8b465ee728b)  -> (artifact id: '444e8f93ced5fc2ed990063c3b46871a') in 0.003045 seconds 
========================================================================
Received Import Request.
  Time since last request: 131.693748 seconds.
  path: Assets/Images/Money
  artifactKey: Guid(026132edc856cbc42a169919e02ccfe1) Importer(815301076,1909f56bfc062723c751e8b465ee728b)
Start importing Assets/Images/Money using Guid(026132edc856cbc42a169919e02ccfe1) Importer(815301076,1909f56bfc062723c751e8b465ee728b)  -> (artifact id: 'dbe0aff977dd727ac882bc0103f12146') in 0.002410 seconds 
========================================================================
Received Import Request.
  Time since last request: 20.221411 seconds.
  path: Assets/Images/Money/money_100.png
  artifactKey: Guid(f64604a1a363bcb489acb321509d8112) Importer(815301076,1909f56bfc062723c751e8b465ee728b)
Start importing Assets/Images/Money/money_100.png using Guid(f64604a1a363bcb489acb321509d8112) Importer(815301076,1909f56bfc062723c751e8b465ee728b)  -> (artifact id: 'b0fdfddb5d6c99008e5cc9e2c568130e') in 0.083679 seconds 
========================================================================
Received Import Request.
  Time since last request: 311.669250 seconds.
  path: Assets/Images/Character/hakusyu_boy2.png
  artifactKey: Guid(53fe0febbf56c3b43bfeb0f643a3b206) Importer(815301076,1909f56bfc062723c751e8b465ee728b)
Start importing Assets/Images/Character/hakusyu_boy2.png using Guid(53fe0febbf56c3b43bfeb0f643a3b206) Importer(815301076,1909f56bfc062723c751e8b465ee728b)  -> (artifact id: '631a2a600ff6c34a27d9ba5112bad5ab') in 0.014691 seconds 
========================================================================
Received Import Request.
  Time since last request: 95.726329 seconds.
  path: Assets/Images/UI
  artifactKey: Guid(d9caa0b9297331d4c813244ddcf8bcc9) Importer(815301076,1909f56bfc062723c751e8b465ee728b)
Start importing Assets/Images/UI using Guid(d9caa0b9297331d4c813244ddcf8bcc9) Importer(815301076,1909f56bfc062723c751e8b465ee728b)  -> (artifact id: '3fe7963b6b6f60e72cc2e8507656b999') in 0.006556 seconds 
========================================================================
Received Import Request.
  Time since last request: 5.344421 seconds.
  path: Assets/Images/Products/vegetable_kyouyasai_syougoin_daikon.png
  artifactKey: Guid(2c36a5b871805e5408d49ed04cc88448) Importer(815301076,1909f56bfc062723c751e8b465ee728b)
Start importing Assets/Images/Products/vegetable_kyouyasai_syougoin_daikon.png using Guid(2c36a5b871805e5408d49ed04cc88448) Importer(815301076,1909f56bfc062723c751e8b465ee728b)  -> (artifact id: '4badbe23a13ec75a03a08b2dbbfe890f') in 0.016661 seconds 
========================================================================
Received Import Request.
  Time since last request: 0.000223 seconds.
  path: Assets/Images/Character/yukata_kids_boy_uchiwa.png
  artifactKey: Guid(ad36ca3a23250ab488ade813f4b1331d) Importer(815301076,1909f56bfc062723c751e8b465ee728b)
Start importing Assets/Images/Character/yukata_kids_boy_uchiwa.png using Guid(ad36ca3a23250ab488ade813f4b1331d) Importer(815301076,1909f56bfc062723c751e8b465ee728b)  -> (artifact id: '12a70b1bea014f6f1e5eb169ba5af4e7') in 0.026459 seconds 
========================================================================
Received Import Request.
  Time since last request: 0.000255 seconds.
  path: Assets/Images/Character/yukata_kids_girl.png
  artifactKey: Guid(2ecb819a2d394174bbc6a63fdd6665a8) Importer(815301076,1909f56bfc062723c751e8b465ee728b)
Start importing Assets/Images/Character/yukata_kids_girl.png using Guid(2ecb819a2d394174bbc6a63fdd6665a8) Importer(815301076,1909f56bfc062723c751e8b465ee728b)  -> (artifact id: '31404a935affed402a2b3bd71150223d') in 0.022378 seconds 
========================================================================
Received Import Request.
  Time since last request: 1.777805 seconds.
  path: Assets/Images/Products/fruit_kaki.png
  artifactKey: Guid(a4c0015aa317bee4dae04be3502b054a) Importer(815301076,1909f56bfc062723c751e8b465ee728b)
Start importing Assets/Images/Products/fruit_kaki.png using Guid(a4c0015aa317bee4dae04be3502b054a) Importer(815301076,1909f56bfc062723c751e8b465ee728b)  -> (artifact id: 'beaf118003b739adfab8854a9dff71e3') in 0.017368 seconds 
========================================================================
Received Import Request.
  Time since last request: 0.000344 seconds.
  path: Assets/Images/Products/fruit_nashi.png
  artifactKey: Guid(800417350c62a1e41a5fcd70526c2257) Importer(815301076,1909f56bfc062723c751e8b465ee728b)
Start importing Assets/Images/Products/fruit_nashi.png using Guid(800417350c62a1e41a5fcd70526c2257) Importer(815301076,1909f56bfc062723c751e8b465ee728b)  -> (artifact id: 'c388b3762093018ed2fb0ae08c99809e') in 0.020556 seconds 
========================================================================
Received Import Request.
  Time since last request: 0.000298 seconds.
  path: Assets/Images/Products/furit_mark01_suika.png
  artifactKey: Guid(cc8642fcedb551848bfaab1f3b42148a) Importer(815301076,1909f56bfc062723c751e8b465ee728b)
Start importing Assets/Images/Products/furit_mark01_suika.png using Guid(cc8642fcedb551848bfaab1f3b42148a) Importer(815301076,1909f56bfc062723c751e8b465ee728b)  -> (artifact id: '0d1be9cb9e9a715c0a53f3966df910cb') in 0.016351 seconds 
========================================================================
Received Import Request.
  Time since last request: 128.710240 seconds.
  path: Assets/Images/UI/e0742_1.png
  artifactKey: Guid(7af487e5dfab8a84b8c59bdede287dc6) Importer(815301076,1909f56bfc062723c751e8b465ee728b)
Start importing Assets/Images/UI/e0742_1.png using Guid(7af487e5dfab8a84b8c59bdede287dc6) Importer(815301076,1909f56bfc062723c751e8b465ee728b)  -> (artifact id: 'a769336079bff2619d264ac487a804ba') in 0.014722 seconds 
========================================================================
Received Import Request.
  Time since last request: 4.824110 seconds.
  path: Assets/Images/UI/Hukidashi1.png
  artifactKey: Guid(7af487e5dfab8a84b8c59bdede287dc6) Importer(815301076,1909f56bfc062723c751e8b465ee728b)
Start importing Assets/Images/UI/Hukidashi1.png using Guid(7af487e5dfab8a84b8c59bdede287dc6) Importer(815301076,1909f56bfc062723c751e8b465ee728b)  -> (artifact id: '1fde0dae432a7ba29cc0bb9fcde254c6') in 0.013674 seconds 
========================================================================
Received Import Request.
  Time since last request: 51.602638 seconds.
  path: Assets/Images/Products/furit_mark02_melon.png
  artifactKey: Guid(81bde230a64a2204aa76ae9d16d03e76) Importer(815301076,1909f56bfc062723c751e8b465ee728b)
Start importing Assets/Images/Products/furit_mark02_melon.png using Guid(81bde230a64a2204aa76ae9d16d03e76) Importer(815301076,1909f56bfc062723c751e8b465ee728b)  -> (artifact id: 'b81709986851cb2f5aa0ee5b08a2fb7a') in 0.021529 seconds 
========================================================================
Received Import Request.
  Time since last request: 0.000240 seconds.
  path: Assets/Images/Products/furit_mark18_mikan.png
  artifactKey: Guid(ab7fc517addd5864a9123a307166825f) Importer(815301076,1909f56bfc062723c751e8b465ee728b)
Start importing Assets/Images/Products/furit_mark18_mikan.png using Guid(ab7fc517addd5864a9123a307166825f) Importer(815301076,1909f56bfc062723c751e8b465ee728b)  -> (artifact id: 'ddaab6a1a1e72d9146619a08ab693c49') in 0.015816 seconds 
========================================================================
Received Import Request.
  Time since last request: 0.000304 seconds.
  path: Assets/Images/Products/furit_mark15_momo.png
  artifactKey: Guid(0ce4ded9af284d64f9091a3f6f2080dc) Importer(815301076,1909f56bfc062723c751e8b465ee728b)
Start importing Assets/Images/Products/furit_mark15_momo.png using Guid(0ce4ded9af284d64f9091a3f6f2080dc) Importer(815301076,1909f56bfc062723c751e8b465ee728b)  -> (artifact id: '58ad5430da584507627982a327defd21') in 0.011425 seconds 
========================================================================
Received Import Request.
  Time since last request: 0.000248 seconds.
  path: Assets/Images/Products/furit_mark11_ichigo.png
  artifactKey: Guid(7cbd147f326a57a4fa4815f309445287) Importer(815301076,1909f56bfc062723c751e8b465ee728b)
Start importing Assets/Images/Products/furit_mark11_ichigo.png using Guid(7cbd147f326a57a4fa4815f309445287) Importer(815301076,1909f56bfc062723c751e8b465ee728b)  -> (artifact id: '6436f2302e52e2b7cd771d493b8a060f') in 0.010439 seconds 
========================================================================
Received Import Request.
  Time since last request: 0.000273 seconds.
  path: Assets/Images/Products/hakusai.png
  artifactKey: Guid(260ea2ea594b34845a6bce810438ecaa) Importer(815301076,1909f56bfc062723c751e8b465ee728b)
Start importing Assets/Images/Products/hakusai.png using Guid(260ea2ea594b34845a6bce810438ecaa) Importer(815301076,1909f56bfc062723c751e8b465ee728b)  -> (artifact id: '999ec21a6fb29a5be8c305e40ca767c7') in 0.009823 seconds 
========================================================================
Received Import Request.
  Time since last request: 225.042334 seconds.
  path: Assets/Images/Money/money_coin_blank_100.png
  artifactKey: Guid(f64604a1a363bcb489acb321509d8112) Importer(815301076,1909f56bfc062723c751e8b465ee728b)
Start importing Assets/Images/Money/money_coin_blank_100.png using Guid(f64604a1a363bcb489acb321509d8112) Importer(815301076,1909f56bfc062723c751e8b465ee728b)  -> (artifact id: '745e1deecf6371a74c0f0274384091f2') in 0.014471 seconds 
========================================================================
Received Import Request.
  Time since last request: 42.872168 seconds.
  path: Assets/Images/Money/money_coin_blank_1.png
  artifactKey: Guid(89bb56517bb2ffb42ad564f639bb5b0c) Importer(815301076,1909f56bfc062723c751e8b465ee728b)
Start importing Assets/Images/Money/money_coin_blank_1.png using Guid(89bb56517bb2ffb42ad564f639bb5b0c) Importer(815301076,1909f56bfc062723c751e8b465ee728b)  -> (artifact id: 'bf49cc6ef68022f05262aa16dc9c7cfc') in 0.014327 seconds 
========================================================================
Received Import Request.
  Time since last request: 342.605859 seconds.
  path: Assets/Images/Products/fruit
  artifactKey: Guid(4f54703654a54354ebff334beb77b4d2) Importer(815301076,1909f56bfc062723c751e8b465ee728b)
Start importing Assets/Images/Products/fruit using Guid(4f54703654a54354ebff334beb77b4d2) Importer(815301076,1909f56bfc062723c751e8b465ee728b)  -> (artifact id: '3d0ee81f319ff8970a59510ccfd172b5') in 0.005871 seconds 
========================================================================
Received Import Request.
  Time since last request: 5.081784 seconds.
  path: Assets/Images/Products/Fruit
  artifactKey: Guid(4f54703654a54354ebff334beb77b4d2) Importer(815301076,1909f56bfc062723c751e8b465ee728b)
Start importing Assets/Images/Products/Fruit using Guid(4f54703654a54354ebff334beb77b4d2) Importer(815301076,1909f56bfc062723c751e8b465ee728b)  -> (artifact id: 'aa4bfcd8275e28db018d47fb5b519ee1') in 0.002715 seconds 
========================================================================
Received Import Request.
  Time since last request: 8.926175 seconds.
  path: Assets/Images/Products/vegetable
  artifactKey: Guid(b459e8041f861814e8bf887501a56b7f) Importer(815301076,1909f56bfc062723c751e8b465ee728b)
Start importing Assets/Images/Products/vegetable using Guid(b459e8041f861814e8bf887501a56b7f) Importer(815301076,1909f56bfc062723c751e8b465ee728b)  -> (artifact id: '682edbcaa0cc2cf25ac47289a658617e') in 0.006193 seconds 
========================================================================
Received Import Request.
  Time since last request: 4.609261 seconds.
  path: Assets/Images/Products/Vegetable
  artifactKey: Guid(b459e8041f861814e8bf887501a56b7f) Importer(815301076,1909f56bfc062723c751e8b465ee728b)
Start importing Assets/Images/Products/Vegetable using Guid(b459e8041f861814e8bf887501a56b7f) Importer(815301076,1909f56bfc062723c751e8b465ee728b)  -> (artifact id: 'a7a24243a9bb5cb5f1c977593b4fef75') in 0.002531 seconds 
========================================================================
Received Import Request.
  Time since last request: 1.896096 seconds.
  path: Assets/Images/Products/tamanegi_onion (1).png
  artifactKey: Guid(8f5cadcf8f90f524398844fc7f94ac2c) Importer(815301076,1909f56bfc062723c751e8b465ee728b)
Start importing Assets/Images/Products/tamanegi_onion (1).png using Guid(8f5cadcf8f90f524398844fc7f94ac2c) Importer(815301076,1909f56bfc062723c751e8b465ee728b)  -> (artifact id: '44ecaa340c442db9571fffa53d847379') in 0.019559 seconds 
========================================================================
Received Import Request.
  Time since last request: 4.975577 seconds.
  path: Assets/Images/Products/Vegetable/tamanegi_onion.png
  artifactKey: Guid(8f5cadcf8f90f524398844fc7f94ac2c) Importer(815301076,1909f56bfc062723c751e8b465ee728b)
Start importing Assets/Images/Products/Vegetable/tamanegi_onion.png using Guid(8f5cadcf8f90f524398844fc7f94ac2c) Importer(815301076,1909f56bfc062723c751e8b465ee728b)  -> (artifact id: '99a5b4371d4a5b795f88fa728543f208') in 0.016674 seconds 
========================================================================
Received Import Request.
  Time since last request: 1.523248 seconds.
  path: Assets/Images/Products/Vegetable/vegetable_cabbage2.png
  artifactKey: Guid(170f4cc69b13bc24394f2e9a500166db) Importer(815301076,1909f56bfc062723c751e8b465ee728b)
Start importing Assets/Images/Products/Vegetable/vegetable_cabbage2.png using Guid(170f4cc69b13bc24394f2e9a500166db) Importer(815301076,1909f56bfc062723c751e8b465ee728b)  -> (artifact id: '0566c094c95c85c52b1ffe187510349a') in 0.018537 seconds 
========================================================================
Received Import Request.
  Time since last request: 2.087382 seconds.
  path: Assets/Images/Products/Vegetable/vegetable_cabbage.png
  artifactKey: Guid(170f4cc69b13bc24394f2e9a500166db) Importer(815301076,1909f56bfc062723c751e8b465ee728b)
Start importing Assets/Images/Products/Vegetable/vegetable_cabbage.png using Guid(170f4cc69b13bc24394f2e9a500166db) Importer(815301076,1909f56bfc062723c751e8b465ee728b)  -> (artifact id: 'bcb40d8caffd874a763e59bd465bfef4') in 0.014721 seconds 
========================================================================
Received Prepare
Registering precompiled user dll's ...
Registered in 0.003615 seconds.
Begin MonoManager ReloadAssembly
Symbol file LoadedFromMemory doesn't match image C:\Users\521264\Unity\Gakken\Otsukai\Library\PackageCache\com.unity.visualscripting@1.6.1\Editor\VisualScripting.Core\Dependencies\YamlDotNet\Unity.VisualScripting.YamlDotNet.dll
Symbol file LoadedFromMemory doesn't match image C:\Users\521264\Unity\Gakken\Otsukai\Library\PackageCache\com.unity.visualscripting@1.6.1\Editor\VisualScripting.Core\Dependencies\DotNetZip\Unity.VisualScripting.IonicZip.dll
Native extension for WindowsStandalone target not found
Refreshing native plugins compatible for Editor in 0.67 ms, found 4 plugins.
Preloading 0 native plugins for Editor in 0.00 ms.
Mono: successfully reloaded assembly
- Completed reload, in  0.949 seconds
Domain Reload Profiling:
	ReloadAssembly (950ms)
		BeginReloadAssembly (110ms)
			ExecutionOrderSort (0ms)
			DisableScriptedObjects (4ms)
			BackupInstance (0ms)
			ReleaseScriptingObjects (0ms)
			CreateAndSetChildDomain (40ms)
		EndReloadAssembly (788ms)
			LoadAssemblies (76ms)
			RebuildTransferFunctionScriptingTraits (0ms)
			SetupTypeCache (293ms)
			ReleaseScriptCaches (1ms)
			RebuildScriptCaches (39ms)
			SetupLoadedEditorAssemblies (261ms)
				LogAssemblyErrors (0ms)
				InitializePlatformSupportModulesInManaged (4ms)
				SetLoadedEditorAssemblies (0ms)
				RefreshPlugins (1ms)
				BeforeProcessingInitializeOnLoad (56ms)
				ProcessInitializeOnLoadAttributes (184ms)
				ProcessInitializeOnLoadMethodAttributes (6ms)
				AfterProcessingInitializeOnLoad (10ms)
				EditorAssembliesLoaded (0ms)
			ExecutionOrderSort2 (0ms)
			AwakeInstancesAfterBackupRestoration (22ms)
Platform modules already initialized, skipping
Refreshing native plugins compatible for Editor in 0.64 ms, found 4 plugins.
Preloading 0 native plugins for Editor in 0.00 ms.
Unloading 3682 Unused Serialized files (Serialized files now loaded: 0)
System memory in use before: 162.4 MB.
System memory in use after: 162.6 MB.

Unloading 18 unused Assets to reduce memory usage. Loaded Objects now: 4466.
Total: 3.786200 ms (FindLiveObjects: 0.324200 ms CreateObjectMapping: 0.112100 ms MarkObjects: 3.333300 ms  DeleteObjects: 0.015300 ms)

AssetImportParameters requested are different than current active one (requested -> active):
  custom:framework-win-MediaFoundation: 216162199b28c13a410421893ffa2e32 -> 
  custom:video-decoder-ogg-theora: a1e56fd34408186e4bbccfd4996cb3dc -> 
  custom:container-muxer-webm: aa71ff27fc2769a1b78a27578f13a17b -> 
  custom:container-demuxer-webm: 4f35f7cbe854078d1ac9338744f61a02 -> 
  custom:container-demuxer-ogg: 62fdf1f143b41e24485cea50d1cbac27 -> 
  custom:video-encoder-webm-vp8: eb34c28f22e8b96e1ab97ce403110664 -> 
  custom:video-codec-MediaFoundation-h265: 746d11721c4dcdbdad8f713fa42b33f4 -> 
  custom:video-decoder-webm-vp8: 9c59270c3fd7afecdb556c50c9e8de78 -> 
  custom:audio-decoder-ogg-vorbis: bf7c407c2cedff20999df2af8eb42d56 -> 
  custom:audio-encoder-webm-vorbis: bf7c407c2cedff20999df2af8eb42d56 -> 
AssetImportWorkerClient::OnTransportError - code=2 error=End of file
